\BOOKMARK [1][-]{section.1}{\376\377\000H\000i\000g\000h\000-\000L\000e\000v\000e\000l\000\040\000P\000r\000o\000b\000l\000e\000m\000\040\000S\000t\000a\000t\000e\000m\000e\000n\000t}{}% 1
\BOOKMARK [2][-]{subsection.1.1}{\376\377\000W\000h\000y\000\040\000N\000o\000t\000\040\000J\000u\000m\000p\000\040\000D\000i\000r\000e\000c\000t\000l\000y\000\040\000t\000o\000\040\000S\000B\000I\000?}{section.1}% 2
\BOOKMARK [1][-]{section.2}{\376\377\000C\000a\000n\000o\000n\000i\000c\000a\000l\000\040\000C\000l\000i\000n\000i\000c\000a\000l\000\040\000D\000a\000t\000a\000\040\000L\000a\000y\000e\000r}{}% 3
\BOOKMARK [2][-]{subsection.2.1}{\376\377\000P\000u\000r\000p\000o\000s\000e\000\040\000o\000f\000\040\000t\000h\000e\000\040\000L\000o\000a\000d\000e\000r}{section.2}% 4
\BOOKMARK [2][-]{subsection.2.2}{\376\377\000C\000a\000n\000o\000n\000i\000c\000a\000l\000\040\000O\000b\000s\000e\000r\000v\000a\000t\000i\000o\000n\000\040\000T\000a\000b\000l\000e}{section.2}% 5
\BOOKMARK [2][-]{subsection.2.3}{\376\377\000C\000a\000n\000o\000n\000i\000c\000a\000l\000\040\000D\000o\000s\000e\000\040\000T\000a\000b\000l\000e}{section.2}% 6
\BOOKMARK [2][-]{subsection.2.4}{\376\377\000C\000a\000n\000o\000n\000i\000c\000a\000l\000\040\000C\000o\000v\000a\000r\000i\000a\000t\000e\000\040\000T\000a\000b\000l\000e}{section.2}% 7
\BOOKMARK [2][-]{subsection.2.5}{\376\377\000D\000a\000t\000a\000s\000e\000t\000\040\000D\000i\000s\000c\000o\000v\000e\000r\000y}{section.2}% 8
\BOOKMARK [1][-]{section.3}{\376\377\000P\000a\000t\000i\000e\000n\000t\000\040\000S\000e\000l\000e\000c\000t\000i\000o\000n\000\040\000a\000n\000d\000\040\000T\000r\000a\000j\000e\000c\000t\000o\000r\000y\000\040\000P\000r\000e\000p\000r\000o\000c\000e\000s\000s\000i\000n\000g}{}% 9
\BOOKMARK [2][-]{subsection.3.1}{\376\377\000P\000K\000/\000P\000D\000\040\000E\000l\000i\000g\000i\000b\000i\000l\000i\000t\000y\000\040\000F\000i\000l\000t\000e\000r}{section.3}% 10
\BOOKMARK [2][-]{subsection.3.2}{\376\377\000D\000u\000p\000l\000i\000c\000a\000t\000e\000\040\000S\000c\000a\000n\000\040\000D\000a\000y\000s}{section.3}% 11
\BOOKMARK [2][-]{subsection.3.3}{\376\377\000T\000i\000m\000e\000\040\000O\000r\000i\000g\000i\000n}{section.3}% 12
\BOOKMARK [1][-]{section.4}{\376\377\000D\000o\000s\000e\000\040\000S\000c\000h\000e\000d\000u\000l\000e\000\040\000a\000n\000d\000\040\000E\000x\000p\000o\000s\000u\000r\000e\000\040\000M\000o\000d\000e\000l}{}% 13
\BOOKMARK [2][-]{subsection.4.1}{\376\377\000S\000i\000m\000p\000l\000e\000\040\000E\000x\000p\000o\000n\000e\000n\000t\000i\000a\000l\000\040\000E\000x\000p\000o\000s\000u\000r\000e\000\040\000M\000o\000d\000e\000l}{section.4}% 14
\BOOKMARK [2][-]{subsection.4.2}{\376\377\000P\000a\000t\000i\000e\000n\000t\000-\000S\000p\000e\000c\000i\000f\000i\000c\000\040\000D\000o\000s\000e\000\040\000S\000c\000h\000e\000d\000u\000l\000e}{section.4}% 15
\BOOKMARK [1][-]{section.5}{\376\377\000B\000a\000s\000e\000l\000i\000n\000e\000\040\000S\000i\000m\000e\000o\000n\000i\000-\000S\000t\000y\000l\000e\000\040\000T\000u\000m\000o\000r\000\040\000G\000r\000o\000w\000t\000h\000\040\000I\000n\000h\000i\000b\000i\000t\000i\000o\000n\000\040\000M\000o\000d\000e\000l}{}% 16
\BOOKMARK [2][-]{subsection.5.1}{\376\377\000S\000t\000a\000t\000e\000\040\000V\000a\000r\000i\000a\000b\000l\000e\000s}{section.5}% 17
\BOOKMARK [2][-]{subsection.5.2}{\376\377\000P\000a\000r\000a\000m\000e\000t\000e\000r\000\040\000V\000e\000c\000t\000o\000r}{section.5}% 18
\BOOKMARK [2][-]{subsection.5.3}{\376\377\000S\000a\000t\000u\000r\000a\000t\000i\000n\000g\000\040\000G\000r\000o\000w\000t\000h\000\040\000T\000e\000r\000m}{section.5}% 19
\BOOKMARK [2][-]{subsection.5.4}{\376\377\000O\000D\000E\000\040\000S\000y\000s\000t\000e\000m}{section.5}% 20
\BOOKMARK [1][-]{section.6}{\376\377\000P\000r\000i\000o\000r\000\040\000B\000o\000u\000n\000d\000s\000\040\000a\000n\000d\000\040\000P\000a\000r\000a\000m\000e\000t\000e\000r\000i\000z\000a\000t\000i\000o\000n}{}% 21
\BOOKMARK [1][-]{section.7}{\376\377\000L\000o\000s\000s\000\040\000F\000u\000n\000c\000t\000i\000o\000n\000s\000\040\000a\000n\000d\000\040\000R\000o\000b\000u\000s\000t\000\040\000F\000i\000t\000t\000i\000n\000g}{}% 22
\BOOKMARK [2][-]{subsection.7.1}{\376\377\000L\000o\000g\000-\000R\000e\000l\000a\000t\000i\000v\000e\000\040\000R\000e\000s\000i\000d\000u\000a\000l\000s}{section.7}% 23
\BOOKMARK [2][-]{subsection.7.2}{\376\377\000R\000M\000S\000E\000\040\000i\000n\000\040\000L\000o\000g\000\040\000S\000p\000a\000c\000e}{section.7}% 24
\BOOKMARK [2][-]{subsection.7.3}{\376\377\000H\000u\000b\000e\000r\000\040\000L\000o\000s\000s}{section.7}% 25
\BOOKMARK [2][-]{subsection.7.4}{\376\377\000O\000p\000t\000i\000m\000i\000z\000a\000t\000i\000o\000n\000\040\000S\000t\000r\000a\000t\000e\000g\000y}{section.7}% 26
\BOOKMARK [1][-]{section.8}{\376\377\000R\000e\000s\000i\000d\000u\000a\000l\000\040\000D\000i\000a\000g\000n\000o\000s\000t\000i\000c\000s}{}% 27
\BOOKMARK [2][-]{subsection.8.1}{\376\377\000W\000o\000r\000s\000t\000-\000P\000o\000i\000n\000t\000\040\000D\000i\000a\000g\000n\000o\000s\000t\000i\000c}{section.8}% 28
\BOOKMARK [2][-]{subsection.8.2}{\376\377\000P\000e\000r\000s\000i\000s\000t\000e\000n\000t\000\040\000S\000h\000i\000f\000t\000\040\000D\000i\000a\000g\000n\000o\000s\000t\000i\000c}{section.8}% 29
\BOOKMARK [1][-]{section.9}{\376\377\000O\000b\000s\000e\000r\000v\000a\000t\000i\000o\000n\000\040\000S\000h\000i\000f\000t\000\040\000M\000o\000d\000e\000l}{}% 30
\BOOKMARK [2][-]{subsection.9.1}{\376\377\000P\000o\000s\000t\000-\000H\000o\000c\000\040\000O\000b\000s\000e\000r\000v\000a\000t\000i\000o\000n\000\040\000S\000h\000i\000f\000t}{section.9}% 31
\BOOKMARK [2][-]{subsection.9.2}{\376\377\000J\000o\000i\000n\000t\000\040\000O\000b\000s\000e\000r\000v\000a\000t\000i\000o\000n\000\040\000S\000h\000i\000f\000t}{section.9}% 32
\BOOKMARK [1][-]{section.10}{\376\377\000B\000a\000t\000c\000h\000\040\000C\000o\000h\000o\000r\000t\000\040\000D\000i\000a\000g\000n\000o\000s\000t\000i\000c\000s}{}% 33
\BOOKMARK [2][-]{subsection.10.1}{\376\377\000C\000o\000m\000p\000a\000r\000a\000b\000l\000e\000\040\000P\000a\000t\000i\000e\000n\000t\000\040\000S\000e\000l\000e\000c\000t\000i\000o\000n}{section.10}% 34
\BOOKMARK [2][-]{subsection.10.2}{\376\377\000O\000b\000s\000e\000r\000v\000e\000d\000\040\000B\000a\000s\000e\000l\000i\000n\000e\000\040\000P\000e\000r\000f\000o\000r\000m\000a\000n\000c\000e}{section.10}% 35
\BOOKMARK [1][-]{section.11}{\376\377\000S\000i\000m\000p\000l\000e\000\040\000S\000e\000n\000s\000i\000t\000i\000v\000e\000/\000R\000e\000s\000i\000s\000t\000a\000n\000t\000\040\000M\000o\000d\000e\000l\000\040\000a\000n\000d\000\040\000I\000t\000s\000\040\000L\000i\000m\000i\000t\000a\000t\000i\000o\000n}{}% 36
\BOOKMARK [1][-]{section.12}{\376\377\000N\000e\000s\000t\000e\000d\000\040\000R\000e\000s\000i\000s\000t\000a\000n\000t\000-\000S\000i\000m\000e\000o\000n\000i\000\040\000M\000o\000d\000e\000l}{}% 37
\BOOKMARK [2][-]{subsection.12.1}{\376\377\000M\000o\000t\000i\000v\000a\000t\000i\000o\000n}{section.12}% 38
\BOOKMARK [2][-]{subsection.12.2}{\376\377\000S\000t\000a\000t\000e\000\040\000V\000a\000r\000i\000a\000b\000l\000e\000s}{section.12}% 39
\BOOKMARK [2][-]{subsection.12.3}{\376\377\000P\000a\000r\000a\000m\000e\000t\000e\000r\000s}{section.12}% 40
\BOOKMARK [2][-]{subsection.12.4}{\376\377\000I\000n\000i\000t\000i\000a\000l\000\040\000C\000o\000n\000d\000i\000t\000i\000o\000n}{section.12}% 41
\BOOKMARK [2][-]{subsection.12.5}{\376\377\000O\000D\000E\000\040\000S\000y\000s\000t\000e\000m}{section.12}% 42
\BOOKMARK [2][-]{subsection.12.6}{\376\377\000N\000e\000s\000t\000e\000d\000n\000e\000s\000s}{section.12}% 43
\BOOKMARK [2][-]{subsection.12.7}{\376\377\000P\000a\000r\000a\000m\000e\000t\000e\000r\000\040\000T\000r\000a\000n\000s\000f\000o\000r\000m\000a\000t\000i\000o\000n\000s}{section.12}% 44
\BOOKMARK [2][-]{subsection.12.8}{\376\377\000W\000e\000a\000k\000\040\000P\000r\000i\000o\000r\000\040\000R\000e\000g\000u\000l\000a\000r\000i\000z\000a\000t\000i\000o\000n}{section.12}% 45
\BOOKMARK [2][-]{subsection.12.9}{\376\377\000N\000e\000a\000r\000-\000B\000o\000u\000n\000d\000\040\000D\000i\000a\000g\000n\000o\000s\000t\000i\000c\000s}{section.12}% 46
\BOOKMARK [1][-]{section.13}{\376\377\000M\000o\000d\000e\000l\000\040\000S\000e\000l\000e\000c\000t\000i\000o\000n\000\040\000R\000u\000l\000e\000s}{}% 47
\BOOKMARK [2][-]{subsection.13.1}{\376\377\000S\000i\000m\000p\000l\000e\000\040\000M\000o\000d\000e\000l\000\040\000S\000e\000l\000e\000c\000t\000i\000o\000n}{section.13}% 48
\BOOKMARK [2][-]{subsection.13.2}{\376\377\000N\000e\000s\000t\000e\000d\000\040\000M\000o\000d\000e\000l\000\040\000S\000e\000l\000e\000c\000t\000i\000o\000n}{section.13}% 49
\BOOKMARK [1][-]{section.14}{\376\377\000S\000u\000m\000m\000a\000r\000y\000\040\000o\000f\000\040\000E\000m\000p\000i\000r\000i\000c\000a\000l\000\040\000F\000i\000n\000d\000i\000n\000g\000s}{}% 50
\BOOKMARK [2][-]{subsection.14.1}{\376\377\000B\000a\000s\000e\000l\000i\000n\000e\000\040\000a\000n\000d\000\040\000O\000b\000s\000e\000r\000v\000a\000t\000i\000o\000n\000\040\000S\000h\000i\000f\000t}{section.14}% 51
\BOOKMARK [2][-]{subsection.14.2}{\376\377\000N\000e\000s\000t\000e\000d\000\040\000R\000e\000s\000i\000s\000t\000a\000n\000c\000e}{section.14}% 52
\BOOKMARK [1][-]{section.15}{\376\377\000C\000o\000n\000n\000e\000c\000t\000i\000o\000n\000\040\000t\000o\000\040\000S\000i\000m\000u\000l\000a\000t\000i\000o\000n\000-\000B\000a\000s\000e\000d\000\040\000I\000n\000f\000e\000r\000e\000n\000c\000e}{}% 53
\BOOKMARK [2][-]{subsection.15.1}{\376\377\000F\000o\000r\000w\000a\000r\000d\000\040\000S\000i\000m\000u\000l\000a\000t\000o\000r}{section.15}% 54
\BOOKMARK [2][-]{subsection.15.2}{\376\377\000N\000e\000u\000r\000a\000l\000\040\000P\000o\000s\000t\000e\000r\000i\000o\000r\000\040\000E\000s\000t\000i\000m\000a\000t\000i\000o\000n}{section.15}% 55
\BOOKMARK [2][-]{subsection.15.3}{\376\377\000O\000b\000s\000e\000r\000v\000a\000t\000i\000o\000n\000\040\000E\000n\000c\000o\000d\000i\000n\000g}{section.15}% 56
\BOOKMARK [2][-]{subsection.15.4}{\376\377\000I\000d\000e\000n\000t\000i\000f\000i\000a\000b\000i\000l\000i\000t\000y}{section.15}% 57
\BOOKMARK [2][-]{subsection.15.5}{\376\377\000C\000a\000l\000i\000b\000r\000a\000t\000i\000o\000n\000\040\000a\000n\000d\000\040\000V\000a\000l\000i\000d\000a\000t\000i\000o\000n}{section.15}% 58
\BOOKMARK [1][-]{section.16}{\376\377\000R\000e\000c\000o\000m\000m\000e\000n\000d\000e\000d\000\040\000N\000e\000x\000t\000\040\000M\000i\000l\000e\000s\000t\000o\000n\000e\000s}{}% 59
\BOOKMARK [2][-]{subsection.16.1}{\376\377\000M\000i\000l\000e\000s\000t\000o\000n\000e\000\040\0001\000:\000\040\000F\000i\000n\000a\000l\000i\000z\000e\000\040\000M\000o\000d\000e\000l\000\040\000C\000o\000m\000p\000a\000r\000i\000s\000o\000n\000\040\000o\000n\000\040\000t\000h\000e\000\040\0002\0000\000-\000P\000a\000t\000i\000e\000n\000t\000\040\000B\000a\000t\000c\000h}{section.16}% 60
\BOOKMARK [2][-]{subsection.16.2}{\376\377\000M\000i\000l\000e\000s\000t\000o\000n\000e\000\040\0002\000:\000\040\000R\000o\000b\000u\000s\000t\000\040\000O\000b\000s\000e\000r\000v\000a\000t\000i\000o\000n\000\040\000M\000o\000d\000e\000l}{section.16}% 61
\BOOKMARK [2][-]{subsection.16.3}{\376\377\000M\000i\000l\000e\000s\000t\000o\000n\000e\000\040\0003\000:\000\040\000S\000y\000n\000t\000h\000e\000t\000i\000c\000\040\000S\000B\000I}{section.16}% 62
\BOOKMARK [2][-]{subsection.16.4}{\376\377\000M\000i\000l\000e\000s\000t\000o\000n\000e\000\040\0004\000:\000\040\000R\000e\000a\000l\000-\000D\000a\000t\000a\000\040\000P\000o\000s\000t\000e\000r\000i\000o\000r\000\040\000P\000r\000e\000d\000i\000c\000t\000i\000v\000e\000\040\000C\000h\000e\000c\000k\000s}{section.16}% 63
\BOOKMARK [1][-]{section.17}{\376\377\000L\000i\000m\000i\000t\000a\000t\000i\000o\000n\000s}{}% 64
\BOOKMARK [1][-]{section.18}{\376\377\000C\000o\000n\000c\000l\000u\000s\000i\000o\000n}{}% 65
